<?xml version="1.0" encoding="UTF-8"?>
<!-- Generated by org.testng.reporters.JUnitReportReporter -->
<testsuite hostname="LAPTOP-T5HRFLI1" failures="0" tests="3" name="mypack.Abc" time="0.010" errors="0" timestamp="2022-07-02T12:14:49 IST" skipped="0">
  <testcase classname="mypack.Abc" name="f2" time="0.008"/>
  <system-out/>
  <testcase classname="mypack.Abc" name="f" time="0.001"/>
  <system-out/>
  <testcase classname="mypack.Abc" name="f1" time="0.001"/>
  <system-out/>
</testsuite> <!-- mypack.Abc -->
